<?xml version="1.0" encoding="UTF-8"?>
<!-- Generated by org.testng.reporters.JUnitReportReporter -->
<testsuite hostname="Nirus-MacBook-Pro.local" failures="0" tests="5" name="com.testNg.testNgAnnotations" time="0.016" errors="0" timestamp="2021-12-06T12:22:32 CST" skipped="0">
  <testcase classname="com.testNg.testNgAnnotations" name="testcase2" time="0.004"/>
  <system-out/>
  <testcase classname="com.testNg.testNgAnnotations" name="testcase5" time="0.004"/>
  <system-out/>
  <testcase classname="com.testNg.testNgAnnotations" name="testcase3" time="0.001"/>
  <system-out/>
  <testcase classname="com.testNg.testNgAnnotations" name="Testcase41" time="0.006"/>
  <system-out/>
  <testcase classname="com.testNg.testNgAnnotations" name="testcase1" time="0.001"/>
  <system-out/>
</testsuite> <!-- com.testNg.testNgAnnotations -->
